Determining if the pthread_create exist failed with the following output:
Change Dir: /home/mono/projects/marble-madness-3d/build/CMakeFiles/CMakeTmp

Run Build Command:/usr/bin/make "cmTryCompileExec3125461480/fast"
/usr/bin/make -f CMakeFiles/cmTryCompileExec3125461480.dir/build.make CMakeFiles/cmTryCompileExec3125461480.dir/build
make[1]: Entering directory `/home/mono/projects/marble-madness-3d/build/CMakeFiles/CMakeTmp'
/usr/bin/cmake -E cmake_progress_report /home/mono/projects/marble-madness-3d/build/CMakeFiles/CMakeTmp/CMakeFiles 1
Building C object CMakeFiles/cmTryCompileExec3125461480.dir/CheckSymbolExists.c.o
/usr/bin/gcc    -o CMakeFiles/cmTryCompileExec3125461480.dir/CheckSymbolExists.c.o   -c /home/mono/projects/marble-madness-3d/build/CMakeFiles/CMakeTmp/CheckSymbolExists.c
Linking C executable cmTryCompileExec3125461480
/usr/bin/cmake -E cmake_link_script CMakeFiles/cmTryCompileExec3125461480.dir/link.txt --verbose=1
/usr/bin/gcc         CMakeFiles/cmTryCompileExec3125461480.dir/CheckSymbolExists.c.o  -o cmTryCompileExec3125461480 -rdynamic 
CMakeFiles/cmTryCompileExec3125461480.dir/CheckSymbolExists.c.o: In function `main':
CheckSymbolExists.c:(.text+0xa): undefined reference to `pthread_create'
collect2: error: ld returned 1 exit status
make[1]: Leaving directory `/home/mono/projects/marble-madness-3d/build/CMakeFiles/CMakeTmp'
make[1]: *** [cmTryCompileExec3125461480] Error 1
make: *** [cmTryCompileExec3125461480/fast] Error 2

File /home/mono/projects/marble-madness-3d/build/CMakeFiles/CMakeTmp/CheckSymbolExists.c:
/* */
#include <pthread.h>

int main(int argc, char** argv)
{
  (void)argv;
#ifndef pthread_create
  return ((int*)(&pthread_create))[argc];
#else
  (void)argc;
  return 0;
#endif
}

Determining if the function pthread_create exists in the pthreads failed with the following output:
Change Dir: /home/mono/projects/marble-madness-3d/build/CMakeFiles/CMakeTmp

Run Build Command:/usr/bin/make "cmTryCompileExec754418170/fast"
/usr/bin/make -f CMakeFiles/cmTryCompileExec754418170.dir/build.make CMakeFiles/cmTryCompileExec754418170.dir/build
make[1]: Entering directory `/home/mono/projects/marble-madness-3d/build/CMakeFiles/CMakeTmp'
/usr/bin/cmake -E cmake_progress_report /home/mono/projects/marble-madness-3d/build/CMakeFiles/CMakeTmp/CMakeFiles 1
Building C object CMakeFiles/cmTryCompileExec754418170.dir/CheckFunctionExists.c.o
/usr/bin/gcc   -DCHECK_FUNCTION_EXISTS=pthread_create   -o CMakeFiles/cmTryCompileExec754418170.dir/CheckFunctionExists.c.o   -c /usr/share/cmake-2.8/Modules/CheckFunctionExists.c
Linking C executable cmTryCompileExec754418170
/usr/bin/cmake -E cmake_link_script CMakeFiles/cmTryCompileExec754418170.dir/link.txt --verbose=1
/usr/bin/gcc     -DCHECK_FUNCTION_EXISTS=pthread_create    CMakeFiles/cmTryCompileExec754418170.dir/CheckFunctionExists.c.o  -o cmTryCompileExec754418170 -rdynamic -lpthreads 
/usr/bin/ld: cannot find -lpthreads
collect2: error: ld returned 1 exit status
make[1]: *** [cmTryCompileExec754418170] Error 1
make[1]: Leaving directory `/home/mono/projects/marble-madness-3d/build/CMakeFiles/CMakeTmp'
make: *** [cmTryCompileExec754418170/fast] Error 2


